[2025-01-18T17:40:35.599+0000] {manager.py:483} INFO - Processing files using up to 2 processes at a time 
[2025-01-18T17:40:35.600+0000] {manager.py:484} INFO - Process each file at most once every 30 seconds
[2025-01-18T17:40:35.601+0000] {manager.py:485} INFO - Checking for new files in /opt/airflow/dags every 300 seconds
[2025-01-18T17:40:35.602+0000] {manager.py:821} INFO - Searching for files in /opt/airflow/dags
[2025-01-18T17:40:35.615+0000] {manager.py:824} INFO - There are 0 files in /opt/airflow/dags
[2025-01-18T17:45:36.391+0000] {manager.py:821} INFO - Searching for files in /opt/airflow/dags
[2025-01-18T17:45:36.400+0000] {manager.py:824} INFO - There are 1 files in /opt/airflow/dags
[2025-01-18T17:45:38.445+0000] {manager.py:997} INFO - 
================================================================================
DAG File Processing Stats

File Path                           PID    Runtime      # DAGs    # Errors  Last Runtime    Last Run               Last # of DB Queries
----------------------------------  -----  ---------  --------  ----------  --------------  -------------------  ----------------------
/opt/airflow/dags/s3_ingest_dag.py                           1           0  1.99s           2025-01-18T17:45:38                      45
================================================================================
[2025-01-18T17:46:08.743+0000] {manager.py:997} INFO - 
================================================================================
DAG File Processing Stats

File Path                             PID  Runtime      # DAGs    # Errors  Last Runtime    Last Run               Last # of DB Queries
----------------------------------  -----  ---------  --------  ----------  --------------  -------------------  ----------------------
/opt/airflow/dags/s3_ingest_dag.py    173  0.00s             1           0  1.99s           2025-01-18T17:45:38                      45
================================================================================
[2025-01-18T17:46:39.021+0000] {manager.py:997} INFO - 
================================================================================
DAG File Processing Stats

File Path                           PID    Runtime      # DAGs    # Errors  Last Runtime    Last Run               Last # of DB Queries
----------------------------------  -----  ---------  --------  ----------  --------------  -------------------  ----------------------
/opt/airflow/dags/s3_ingest_dag.py                           1           0  0.56s           2025-01-18T17:46:09                      12
================================================================================
[2025-01-18T17:47:09.277+0000] {manager.py:997} INFO - 
================================================================================
DAG File Processing Stats

File Path                           PID    Runtime      # DAGs    # Errors  Last Runtime    Last Run               Last # of DB Queries
----------------------------------  -----  ---------  --------  ----------  --------------  -------------------  ----------------------
/opt/airflow/dags/s3_ingest_dag.py                           1           0  0.59s           2025-01-18T17:46:40                      12
================================================================================
[2025-01-18T17:47:39.742+0000] {manager.py:997} INFO - 
================================================================================
DAG File Processing Stats

File Path                           PID    Runtime      # DAGs    # Errors  Last Runtime    Last Run               Last # of DB Queries
----------------------------------  -----  ---------  --------  ----------  --------------  -------------------  ----------------------
/opt/airflow/dags/s3_ingest_dag.py                           1           0  0.62s           2025-01-18T17:47:10                      12
================================================================================
[2025-01-18T17:48:10.014+0000] {manager.py:997} INFO - 
================================================================================
DAG File Processing Stats

File Path                           PID    Runtime      # DAGs    # Errors  Last Runtime    Last Run               Last # of DB Queries
----------------------------------  -----  ---------  --------  ----------  --------------  -------------------  ----------------------
/opt/airflow/dags/s3_ingest_dag.py                           1           0  0.56s           2025-01-18T17:47:41                      12
================================================================================
[2025-01-18T17:48:40.718+0000] {manager.py:997} INFO - 
================================================================================
DAG File Processing Stats

File Path                           PID    Runtime      # DAGs    # Errors  Last Runtime    Last Run               Last # of DB Queries
----------------------------------  -----  ---------  --------  ----------  --------------  -------------------  ----------------------
/opt/airflow/dags/s3_ingest_dag.py                           1           0  0.57s           2025-01-18T17:48:12                      12
================================================================================
[2025-01-18T17:49:11.097+0000] {manager.py:997} INFO - 
================================================================================
DAG File Processing Stats

File Path                           PID    Runtime      # DAGs    # Errors  Last Runtime    Last Run               Last # of DB Queries
----------------------------------  -----  ---------  --------  ----------  --------------  -------------------  ----------------------
/opt/airflow/dags/s3_ingest_dag.py                           1           0  0.55s           2025-01-18T17:48:43                      12
================================================================================
[2025-01-18T17:49:41.320+0000] {manager.py:997} INFO - 
================================================================================
DAG File Processing Stats

File Path                           PID    Runtime      # DAGs    # Errors  Last Runtime    Last Run               Last # of DB Queries
----------------------------------  -----  ---------  --------  ----------  --------------  -------------------  ----------------------
/opt/airflow/dags/s3_ingest_dag.py                           1           0  0.53s           2025-01-18T17:49:14                      12
================================================================================
[2025-01-18T17:50:11.808+0000] {manager.py:997} INFO - 
================================================================================
DAG File Processing Stats

File Path                           PID    Runtime      # DAGs    # Errors  Last Runtime    Last Run               Last # of DB Queries
----------------------------------  -----  ---------  --------  ----------  --------------  -------------------  ----------------------
/opt/airflow/dags/s3_ingest_dag.py                           1           0  0.70s           2025-01-18T17:50:10                      12
================================================================================
[2025-01-18T17:50:30.446+0000] {manager.py:465} INFO - Exiting gracefully upon receiving signal 15
[2025-01-18T19:03:57.154+0000] {manager.py:483} INFO - Processing files using up to 2 processes at a time 
[2025-01-18T19:03:57.156+0000] {manager.py:484} INFO - Process each file at most once every 30 seconds
[2025-01-18T19:03:57.157+0000] {manager.py:485} INFO - Checking for new files in /opt/airflow/dags every 300 seconds
[2025-01-18T19:03:57.158+0000] {manager.py:821} INFO - Searching for files in /opt/airflow/dags
[2025-01-18T19:03:57.177+0000] {manager.py:824} INFO - There are 1 files in /opt/airflow/dags
[2025-01-18T19:03:57.789+0000] {manager.py:997} INFO - 
================================================================================
DAG File Processing Stats

File Path                             PID  Runtime      # DAGs    # Errors  Last Runtime    Last Run      Last # of DB Queries
----------------------------------  -----  ---------  --------  ----------  --------------  ----------  ----------------------
/opt/airflow/dags/s3_ingest_dag.py    167  0.03s             0           0                                                   0
================================================================================
[2025-01-18T19:04:27.908+0000] {manager.py:997} INFO - 
================================================================================
DAG File Processing Stats

File Path                           PID    Runtime      # DAGs    # Errors  Last Runtime    Last Run               Last # of DB Queries
----------------------------------  -----  ---------  --------  ----------  --------------  -------------------  ----------------------
/opt/airflow/dags/s3_ingest_dag.py                           1           0  1.93s           2025-01-18T19:03:59                      45
================================================================================
[2025-01-18T19:04:58.261+0000] {manager.py:997} INFO - 
================================================================================
DAG File Processing Stats

File Path                           PID    Runtime      # DAGs    # Errors  Last Runtime    Last Run               Last # of DB Queries
----------------------------------  -----  ---------  --------  ----------  --------------  -------------------  ----------------------
/opt/airflow/dags/s3_ingest_dag.py                           1           0  0.60s           2025-01-18T19:04:30                      12
================================================================================
[2025-01-18T19:05:28.591+0000] {manager.py:997} INFO - 
================================================================================
DAG File Processing Stats

File Path                           PID    Runtime      # DAGs    # Errors  Last Runtime    Last Run               Last # of DB Queries
----------------------------------  -----  ---------  --------  ----------  --------------  -------------------  ----------------------
/opt/airflow/dags/s3_ingest_dag.py                           1           0  0.57s           2025-01-18T19:05:01                      12
================================================================================
[2025-01-18T19:05:58.835+0000] {manager.py:997} INFO - 
================================================================================
DAG File Processing Stats

File Path                           PID    Runtime      # DAGs    # Errors  Last Runtime    Last Run               Last # of DB Queries
----------------------------------  -----  ---------  --------  ----------  --------------  -------------------  ----------------------
/opt/airflow/dags/s3_ingest_dag.py                           1           0  1.02s           2025-01-18T19:05:32                      12
================================================================================
[2025-01-18T19:06:29.001+0000] {manager.py:997} INFO - 
================================================================================
DAG File Processing Stats

File Path                           PID    Runtime      # DAGs    # Errors  Last Runtime    Last Run               Last # of DB Queries
----------------------------------  -----  ---------  --------  ----------  --------------  -------------------  ----------------------
/opt/airflow/dags/s3_ingest_dag.py                           1           0  0.93s           2025-01-18T19:06:03                      12
================================================================================
[2025-01-18T19:06:59.249+0000] {manager.py:997} INFO - 
================================================================================
DAG File Processing Stats

File Path                           PID    Runtime      # DAGs    # Errors  Last Runtime    Last Run               Last # of DB Queries
----------------------------------  -----  ---------  --------  ----------  --------------  -------------------  ----------------------
/opt/airflow/dags/s3_ingest_dag.py                           1           0  0.78s           2025-01-18T19:06:34                      12
================================================================================
[2025-01-18T19:07:29.637+0000] {manager.py:997} INFO - 
================================================================================
DAG File Processing Stats

File Path                           PID    Runtime      # DAGs    # Errors  Last Runtime    Last Run               Last # of DB Queries
----------------------------------  -----  ---------  --------  ----------  --------------  -------------------  ----------------------
/opt/airflow/dags/s3_ingest_dag.py                           1           0  0.82s           2025-01-18T19:07:05                      12
================================================================================
[2025-01-18T19:07:59.771+0000] {manager.py:997} INFO - 
================================================================================
DAG File Processing Stats

File Path                           PID    Runtime      # DAGs    # Errors  Last Runtime    Last Run               Last # of DB Queries
----------------------------------  -----  ---------  --------  ----------  --------------  -------------------  ----------------------
/opt/airflow/dags/s3_ingest_dag.py                           1           0  0.59s           2025-01-18T19:07:36                      12
================================================================================
[2025-01-18T19:08:30.369+0000] {manager.py:997} INFO - 
================================================================================
DAG File Processing Stats

File Path                           PID    Runtime      # DAGs    # Errors  Last Runtime    Last Run               Last # of DB Queries
----------------------------------  -----  ---------  --------  ----------  --------------  -------------------  ----------------------
/opt/airflow/dags/s3_ingest_dag.py                           1           0  0.59s           2025-01-18T19:08:07                      12
================================================================================
[2025-01-18T19:08:57.705+0000] {manager.py:821} INFO - Searching for files in /opt/airflow/dags
[2025-01-18T19:08:57.713+0000] {manager.py:824} INFO - There are 1 files in /opt/airflow/dags
[2025-01-18T19:09:00.748+0000] {manager.py:997} INFO - 
================================================================================
DAG File Processing Stats

File Path                           PID    Runtime      # DAGs    # Errors  Last Runtime    Last Run               Last # of DB Queries
----------------------------------  -----  ---------  --------  ----------  --------------  -------------------  ----------------------
/opt/airflow/dags/s3_ingest_dag.py                           1           0  0.57s           2025-01-18T19:08:37                      12
================================================================================
[2025-01-18T19:09:30.951+0000] {manager.py:997} INFO - 
================================================================================
DAG File Processing Stats

File Path                           PID    Runtime      # DAGs    # Errors  Last Runtime    Last Run               Last # of DB Queries
----------------------------------  -----  ---------  --------  ----------  --------------  -------------------  ----------------------
/opt/airflow/dags/s3_ingest_dag.py                           1           0  0.58s           2025-01-18T19:09:08                      12
================================================================================
[2025-01-18T19:10:01.509+0000] {manager.py:997} INFO - 
================================================================================
DAG File Processing Stats

File Path                           PID    Runtime      # DAGs    # Errors  Last Runtime    Last Run               Last # of DB Queries
----------------------------------  -----  ---------  --------  ----------  --------------  -------------------  ----------------------
/opt/airflow/dags/s3_ingest_dag.py                           1           0  0.57s           2025-01-18T19:09:39                      12
================================================================================
[2025-01-18T19:10:31.881+0000] {manager.py:997} INFO - 
================================================================================
DAG File Processing Stats

File Path                           PID    Runtime      # DAGs    # Errors  Last Runtime    Last Run               Last # of DB Queries
----------------------------------  -----  ---------  --------  ----------  --------------  -------------------  ----------------------
/opt/airflow/dags/s3_ingest_dag.py                           1           0  0.58s           2025-01-18T19:10:10                      12
================================================================================
[2025-01-18T19:11:02.081+0000] {manager.py:997} INFO - 
================================================================================
DAG File Processing Stats

File Path                           PID    Runtime      # DAGs    # Errors  Last Runtime    Last Run               Last # of DB Queries
----------------------------------  -----  ---------  --------  ----------  --------------  -------------------  ----------------------
/opt/airflow/dags/s3_ingest_dag.py                           1           0  0.59s           2025-01-18T19:10:41                      12
================================================================================
[2025-01-18T19:11:32.307+0000] {manager.py:997} INFO - 
================================================================================
DAG File Processing Stats

File Path                           PID    Runtime      # DAGs    # Errors  Last Runtime    Last Run               Last # of DB Queries
----------------------------------  -----  ---------  --------  ----------  --------------  -------------------  ----------------------
/opt/airflow/dags/s3_ingest_dag.py                           1           0  0.99s           2025-01-18T19:11:12                      12
================================================================================
[2025-01-18T19:12:02.764+0000] {manager.py:997} INFO - 
================================================================================
DAG File Processing Stats

File Path                           PID    Runtime      # DAGs    # Errors  Last Runtime    Last Run               Last # of DB Queries
----------------------------------  -----  ---------  --------  ----------  --------------  -------------------  ----------------------
/opt/airflow/dags/s3_ingest_dag.py                           1           0  0.56s           2025-01-18T19:11:42                      12
================================================================================
[2025-01-18T19:12:33.048+0000] {manager.py:997} INFO - 
================================================================================
DAG File Processing Stats

File Path                           PID    Runtime      # DAGs    # Errors  Last Runtime    Last Run               Last # of DB Queries
----------------------------------  -----  ---------  --------  ----------  --------------  -------------------  ----------------------
/opt/airflow/dags/s3_ingest_dag.py                           1           0  0.60s           2025-01-18T19:12:13                      12
================================================================================
[2025-01-18T19:13:03.695+0000] {manager.py:997} INFO - 
================================================================================
DAG File Processing Stats

File Path                           PID    Runtime      # DAGs    # Errors  Last Runtime    Last Run               Last # of DB Queries
----------------------------------  -----  ---------  --------  ----------  --------------  -------------------  ----------------------
/opt/airflow/dags/s3_ingest_dag.py                           1           0  0.66s           2025-01-18T19:12:44                      12
================================================================================
[2025-01-18T19:13:33.779+0000] {manager.py:997} INFO - 
================================================================================
DAG File Processing Stats

File Path                           PID    Runtime      # DAGs    # Errors  Last Runtime    Last Run               Last # of DB Queries
----------------------------------  -----  ---------  --------  ----------  --------------  -------------------  ----------------------
/opt/airflow/dags/s3_ingest_dag.py                           1           0  0.60s           2025-01-18T19:13:15                      12
================================================================================
[2025-01-18T19:13:58.367+0000] {manager.py:821} INFO - Searching for files in /opt/airflow/dags
[2025-01-18T19:13:58.379+0000] {manager.py:824} INFO - There are 1 files in /opt/airflow/dags
[2025-01-18T19:14:04.429+0000] {manager.py:997} INFO - 
================================================================================
DAG File Processing Stats

File Path                           PID    Runtime      # DAGs    # Errors  Last Runtime    Last Run               Last # of DB Queries
----------------------------------  -----  ---------  --------  ----------  --------------  -------------------  ----------------------
/opt/airflow/dags/s3_ingest_dag.py                           1           0  0.59s           2025-01-18T19:13:46                      12
================================================================================
[2025-01-18T19:14:34.793+0000] {manager.py:997} INFO - 
================================================================================
DAG File Processing Stats

File Path                           PID    Runtime      # DAGs    # Errors  Last Runtime    Last Run               Last # of DB Queries
----------------------------------  -----  ---------  --------  ----------  --------------  -------------------  ----------------------
/opt/airflow/dags/s3_ingest_dag.py                           1           0  0.55s           2025-01-18T19:14:17                      12
================================================================================
[2025-01-18T19:15:05.158+0000] {manager.py:997} INFO - 
================================================================================
DAG File Processing Stats

File Path                           PID    Runtime      # DAGs    # Errors  Last Runtime    Last Run               Last # of DB Queries
----------------------------------  -----  ---------  --------  ----------  --------------  -------------------  ----------------------
/opt/airflow/dags/s3_ingest_dag.py                           1           0  0.56s           2025-01-18T19:14:47                      12
================================================================================
[2025-01-18T19:15:35.361+0000] {manager.py:997} INFO - 
================================================================================
DAG File Processing Stats

File Path                           PID    Runtime      # DAGs    # Errors  Last Runtime    Last Run               Last # of DB Queries
----------------------------------  -----  ---------  --------  ----------  --------------  -------------------  ----------------------
/opt/airflow/dags/s3_ingest_dag.py                           1           0  0.55s           2025-01-18T19:15:18                      12
================================================================================
[2025-01-18T19:16:05.555+0000] {manager.py:997} INFO - 
================================================================================
DAG File Processing Stats

File Path                           PID    Runtime      # DAGs    # Errors  Last Runtime    Last Run               Last # of DB Queries
----------------------------------  -----  ---------  --------  ----------  --------------  -------------------  ----------------------
/opt/airflow/dags/s3_ingest_dag.py                           1           0  0.54s           2025-01-18T19:15:49                      12
================================================================================
[2025-01-18T19:16:35.872+0000] {manager.py:997} INFO - 
================================================================================
DAG File Processing Stats

File Path                           PID    Runtime      # DAGs    # Errors  Last Runtime    Last Run               Last # of DB Queries
----------------------------------  -----  ---------  --------  ----------  --------------  -------------------  ----------------------
/opt/airflow/dags/s3_ingest_dag.py                           1           0  0.47s           2025-01-18T19:16:20                      12
================================================================================
[2025-01-18T19:17:06.159+0000] {manager.py:997} INFO - 
================================================================================
DAG File Processing Stats

File Path                           PID    Runtime      # DAGs    # Errors  Last Runtime    Last Run               Last # of DB Queries
----------------------------------  -----  ---------  --------  ----------  --------------  -------------------  ----------------------
/opt/airflow/dags/s3_ingest_dag.py                           1           0  0.56s           2025-01-18T19:16:50                      12
================================================================================
[2025-01-18T19:17:36.642+0000] {manager.py:997} INFO - 
================================================================================
DAG File Processing Stats

File Path                           PID    Runtime      # DAGs    # Errors  Last Runtime    Last Run               Last # of DB Queries
----------------------------------  -----  ---------  --------  ----------  --------------  -------------------  ----------------------
/opt/airflow/dags/s3_ingest_dag.py                           1           0  0.49s           2025-01-18T19:17:21                      12
================================================================================
[2025-01-18T19:18:07.079+0000] {manager.py:997} INFO - 
================================================================================
DAG File Processing Stats

File Path                           PID    Runtime      # DAGs    # Errors  Last Runtime    Last Run               Last # of DB Queries
----------------------------------  -----  ---------  --------  ----------  --------------  -------------------  ----------------------
/opt/airflow/dags/s3_ingest_dag.py                           1           0  0.47s           2025-01-18T19:17:52                      12
================================================================================
[2025-01-18T19:18:37.186+0000] {manager.py:997} INFO - 
================================================================================
DAG File Processing Stats

File Path                           PID    Runtime      # DAGs    # Errors  Last Runtime    Last Run               Last # of DB Queries
----------------------------------  -----  ---------  --------  ----------  --------------  -------------------  ----------------------
/opt/airflow/dags/s3_ingest_dag.py                           1           0  0.50s           2025-01-18T19:18:23                      12
================================================================================
[2025-01-18T19:18:58.788+0000] {manager.py:821} INFO - Searching for files in /opt/airflow/dags
[2025-01-18T19:18:58.798+0000] {manager.py:824} INFO - There are 1 files in /opt/airflow/dags
[2025-01-18T19:19:07.430+0000] {manager.py:997} INFO - 
================================================================================
DAG File Processing Stats

File Path                           PID    Runtime      # DAGs    # Errors  Last Runtime    Last Run               Last # of DB Queries
----------------------------------  -----  ---------  --------  ----------  --------------  -------------------  ----------------------
/opt/airflow/dags/s3_ingest_dag.py                           1           0  0.43s           2025-01-18T19:18:53                      12
================================================================================
[2025-01-18T19:19:37.559+0000] {manager.py:997} INFO - 
================================================================================
DAG File Processing Stats

File Path                           PID    Runtime      # DAGs    # Errors  Last Runtime    Last Run               Last # of DB Queries
----------------------------------  -----  ---------  --------  ----------  --------------  -------------------  ----------------------
/opt/airflow/dags/s3_ingest_dag.py                           1           0  0.44s           2025-01-18T19:19:24                      12
================================================================================
[2025-01-18T19:20:07.801+0000] {manager.py:997} INFO - 
================================================================================
DAG File Processing Stats

File Path                           PID    Runtime      # DAGs    # Errors  Last Runtime    Last Run               Last # of DB Queries
----------------------------------  -----  ---------  --------  ----------  --------------  -------------------  ----------------------
/opt/airflow/dags/s3_ingest_dag.py                           1           0  0.49s           2025-01-18T19:19:55                      12
================================================================================
[2025-01-18T19:20:38.055+0000] {manager.py:997} INFO - 
================================================================================
DAG File Processing Stats

File Path                           PID    Runtime      # DAGs    # Errors  Last Runtime    Last Run               Last # of DB Queries
----------------------------------  -----  ---------  --------  ----------  --------------  -------------------  ----------------------
/opt/airflow/dags/s3_ingest_dag.py                           1           0  0.48s           2025-01-18T19:20:25                      12
================================================================================
[2025-01-18T19:21:08.889+0000] {manager.py:997} INFO - 
================================================================================
DAG File Processing Stats

File Path                           PID    Runtime      # DAGs    # Errors  Last Runtime    Last Run               Last # of DB Queries
----------------------------------  -----  ---------  --------  ----------  --------------  -------------------  ----------------------
/opt/airflow/dags/s3_ingest_dag.py                           1           0  0.58s           2025-01-18T19:20:56                      12
================================================================================
[2025-01-18T19:21:39.158+0000] {manager.py:997} INFO - 
================================================================================
DAG File Processing Stats

File Path                           PID    Runtime      # DAGs    # Errors  Last Runtime    Last Run               Last # of DB Queries
----------------------------------  -----  ---------  --------  ----------  --------------  -------------------  ----------------------
/opt/airflow/dags/s3_ingest_dag.py                           1           0  0.44s           2025-01-18T19:21:27                      12
================================================================================
[2025-01-18T19:22:09.448+0000] {manager.py:997} INFO - 
================================================================================
DAG File Processing Stats

File Path                           PID    Runtime      # DAGs    # Errors  Last Runtime    Last Run               Last # of DB Queries
----------------------------------  -----  ---------  --------  ----------  --------------  -------------------  ----------------------
/opt/airflow/dags/s3_ingest_dag.py                           1           0  0.83s           2025-01-18T19:21:59                      12
================================================================================
[2025-01-18T19:22:39.656+0000] {manager.py:997} INFO - 
================================================================================
DAG File Processing Stats

File Path                           PID    Runtime      # DAGs    # Errors  Last Runtime    Last Run               Last # of DB Queries
----------------------------------  -----  ---------  --------  ----------  --------------  -------------------  ----------------------
/opt/airflow/dags/s3_ingest_dag.py                           1           0  0.44s           2025-01-18T19:22:29                      12
================================================================================
[2025-01-18T19:23:09.992+0000] {manager.py:997} INFO - 
================================================================================
DAG File Processing Stats

File Path                           PID    Runtime      # DAGs    # Errors  Last Runtime    Last Run               Last # of DB Queries
----------------------------------  -----  ---------  --------  ----------  --------------  -------------------  ----------------------
/opt/airflow/dags/s3_ingest_dag.py                           1           0  0.43s           2025-01-18T19:23:00                      12
================================================================================
[2025-01-18T19:23:40.570+0000] {manager.py:997} INFO - 
================================================================================
DAG File Processing Stats

File Path                           PID    Runtime      # DAGs    # Errors  Last Runtime    Last Run               Last # of DB Queries
----------------------------------  -----  ---------  --------  ----------  --------------  -------------------  ----------------------
/opt/airflow/dags/s3_ingest_dag.py                           1           0  0.43s           2025-01-18T19:23:30                      12
================================================================================
[2025-01-18T19:23:59.133+0000] {manager.py:821} INFO - Searching for files in /opt/airflow/dags
[2025-01-18T19:23:59.142+0000] {manager.py:824} INFO - There are 1 files in /opt/airflow/dags
[2025-01-18T19:24:10.724+0000] {manager.py:997} INFO - 
================================================================================
DAG File Processing Stats

File Path                           PID    Runtime      # DAGs    # Errors  Last Runtime    Last Run               Last # of DB Queries
----------------------------------  -----  ---------  --------  ----------  --------------  -------------------  ----------------------
/opt/airflow/dags/s3_ingest_dag.py                           1           0  0.47s           2025-01-18T19:24:01                      12
================================================================================
[2025-01-18T19:24:40.968+0000] {manager.py:997} INFO - 
================================================================================
DAG File Processing Stats

File Path                           PID    Runtime      # DAGs    # Errors  Last Runtime    Last Run               Last # of DB Queries
----------------------------------  -----  ---------  --------  ----------  --------------  -------------------  ----------------------
/opt/airflow/dags/s3_ingest_dag.py                           1           0  0.43s           2025-01-18T19:24:32                      12
================================================================================
[2025-01-18T19:25:11.113+0000] {manager.py:997} INFO - 
================================================================================
DAG File Processing Stats

File Path                           PID    Runtime      # DAGs    # Errors  Last Runtime    Last Run               Last # of DB Queries
----------------------------------  -----  ---------  --------  ----------  --------------  -------------------  ----------------------
/opt/airflow/dags/s3_ingest_dag.py                           1           0  0.50s           2025-01-18T19:25:03                      12
================================================================================
[2025-01-18T19:25:41.353+0000] {manager.py:997} INFO - 
================================================================================
DAG File Processing Stats

File Path                           PID    Runtime      # DAGs    # Errors  Last Runtime    Last Run               Last # of DB Queries
----------------------------------  -----  ---------  --------  ----------  --------------  -------------------  ----------------------
/opt/airflow/dags/s3_ingest_dag.py                           1           0  0.47s           2025-01-18T19:25:33                      12
================================================================================
[2025-01-18T19:26:11.559+0000] {manager.py:997} INFO - 
================================================================================
DAG File Processing Stats

File Path                           PID    Runtime      # DAGs    # Errors  Last Runtime    Last Run               Last # of DB Queries
----------------------------------  -----  ---------  --------  ----------  --------------  -------------------  ----------------------
/opt/airflow/dags/s3_ingest_dag.py                           1           0  0.50s           2025-01-18T19:26:04                      12
================================================================================
[2025-01-18T19:26:41.793+0000] {manager.py:997} INFO - 
================================================================================
DAG File Processing Stats

File Path                           PID    Runtime      # DAGs    # Errors  Last Runtime    Last Run               Last # of DB Queries
----------------------------------  -----  ---------  --------  ----------  --------------  -------------------  ----------------------
/opt/airflow/dags/s3_ingest_dag.py                           1           0  0.51s           2025-01-18T19:26:35                      12
================================================================================
[2025-01-18T19:27:12.018+0000] {manager.py:997} INFO - 
================================================================================
DAG File Processing Stats

File Path                           PID    Runtime      # DAGs    # Errors  Last Runtime    Last Run               Last # of DB Queries
----------------------------------  -----  ---------  --------  ----------  --------------  -------------------  ----------------------
/opt/airflow/dags/s3_ingest_dag.py                           1           0  0.44s           2025-01-18T19:27:05                      12
================================================================================
[2025-01-18T19:27:42.243+0000] {manager.py:997} INFO - 
================================================================================
DAG File Processing Stats

File Path                           PID    Runtime      # DAGs    # Errors  Last Runtime    Last Run               Last # of DB Queries
----------------------------------  -----  ---------  --------  ----------  --------------  -------------------  ----------------------
/opt/airflow/dags/s3_ingest_dag.py                           1           0  0.50s           2025-01-18T19:27:36                      12
================================================================================
[2025-01-18T19:28:12.417+0000] {manager.py:997} INFO - 
================================================================================
DAG File Processing Stats

File Path                           PID    Runtime      # DAGs    # Errors  Last Runtime    Last Run               Last # of DB Queries
----------------------------------  -----  ---------  --------  ----------  --------------  -------------------  ----------------------
/opt/airflow/dags/s3_ingest_dag.py                           1           0  0.42s           2025-01-18T19:28:07                      12
================================================================================
[2025-01-18T19:28:42.793+0000] {manager.py:997} INFO - 
================================================================================
DAG File Processing Stats

File Path                           PID    Runtime      # DAGs    # Errors  Last Runtime    Last Run               Last # of DB Queries
----------------------------------  -----  ---------  --------  ----------  --------------  -------------------  ----------------------
/opt/airflow/dags/s3_ingest_dag.py                           1           0  0.51s           2025-01-18T19:28:38                      12
================================================================================
[2025-01-18T19:28:59.381+0000] {manager.py:821} INFO - Searching for files in /opt/airflow/dags
[2025-01-18T19:28:59.387+0000] {manager.py:824} INFO - There are 1 files in /opt/airflow/dags
[2025-01-18T19:29:12.999+0000] {manager.py:997} INFO - 
================================================================================
DAG File Processing Stats

File Path                           PID    Runtime      # DAGs    # Errors  Last Runtime    Last Run               Last # of DB Queries
----------------------------------  -----  ---------  --------  ----------  --------------  -------------------  ----------------------
/opt/airflow/dags/s3_ingest_dag.py                           1           0  0.50s           2025-01-18T19:29:08                      12
================================================================================
[2025-01-18T19:29:43.228+0000] {manager.py:997} INFO - 
================================================================================
DAG File Processing Stats

File Path                           PID    Runtime      # DAGs    # Errors  Last Runtime    Last Run               Last # of DB Queries
----------------------------------  -----  ---------  --------  ----------  --------------  -------------------  ----------------------
/opt/airflow/dags/s3_ingest_dag.py                           1           0  0.47s           2025-01-18T19:29:39                      12
================================================================================
[2025-01-18T19:30:13.448+0000] {manager.py:997} INFO - 
================================================================================
DAG File Processing Stats

File Path                           PID    Runtime      # DAGs    # Errors  Last Runtime    Last Run               Last # of DB Queries
----------------------------------  -----  ---------  --------  ----------  --------------  -------------------  ----------------------
/opt/airflow/dags/s3_ingest_dag.py                           1           0  0.52s           2025-01-18T19:30:10                      12
================================================================================
[2025-01-18T19:30:44.191+0000] {manager.py:997} INFO - 
================================================================================
DAG File Processing Stats

File Path                           PID    Runtime      # DAGs    # Errors  Last Runtime    Last Run               Last # of DB Queries
----------------------------------  -----  ---------  --------  ----------  --------------  -------------------  ----------------------
/opt/airflow/dags/s3_ingest_dag.py                           1           0  0.50s           2025-01-18T19:30:41                      12
================================================================================
[2025-01-18T19:31:14.461+0000] {manager.py:997} INFO - 
================================================================================
DAG File Processing Stats

File Path                           PID    Runtime      # DAGs    # Errors  Last Runtime    Last Run               Last # of DB Queries
----------------------------------  -----  ---------  --------  ----------  --------------  -------------------  ----------------------
/opt/airflow/dags/s3_ingest_dag.py                           1           0  0.63s           2025-01-18T19:31:12                      12
================================================================================
[2025-01-18T19:31:44.692+0000] {manager.py:997} INFO - 
================================================================================
DAG File Processing Stats

File Path                           PID    Runtime      # DAGs    # Errors  Last Runtime    Last Run               Last # of DB Queries
----------------------------------  -----  ---------  --------  ----------  --------------  -------------------  ----------------------
/opt/airflow/dags/s3_ingest_dag.py                           1           0  0.57s           2025-01-18T19:31:42                      12
================================================================================
[2025-01-18T19:32:15.115+0000] {manager.py:997} INFO - 
================================================================================
DAG File Processing Stats

File Path                           PID    Runtime      # DAGs    # Errors  Last Runtime    Last Run               Last # of DB Queries
----------------------------------  -----  ---------  --------  ----------  --------------  -------------------  ----------------------
/opt/airflow/dags/s3_ingest_dag.py                           1           0  0.45s           2025-01-18T19:32:13                      12
================================================================================
[2025-01-18T19:32:45.586+0000] {manager.py:997} INFO - 
================================================================================
DAG File Processing Stats

File Path                           PID    Runtime      # DAGs    # Errors  Last Runtime    Last Run               Last # of DB Queries
----------------------------------  -----  ---------  --------  ----------  --------------  -------------------  ----------------------
/opt/airflow/dags/s3_ingest_dag.py                           1           0  0.48s           2025-01-18T19:32:44                      12
================================================================================
[2025-01-18T19:33:15.797+0000] {manager.py:997} INFO - 
================================================================================
DAG File Processing Stats

File Path                           PID    Runtime      # DAGs    # Errors  Last Runtime    Last Run               Last # of DB Queries
----------------------------------  -----  ---------  --------  ----------  --------------  -------------------  ----------------------
/opt/airflow/dags/s3_ingest_dag.py                           1           0  0.56s           2025-01-18T19:33:14                      12
================================================================================
[2025-01-18T19:33:46.031+0000] {manager.py:997} INFO - 
================================================================================
DAG File Processing Stats

File Path                           PID    Runtime      # DAGs    # Errors  Last Runtime    Last Run               Last # of DB Queries
----------------------------------  -----  ---------  --------  ----------  --------------  -------------------  ----------------------
/opt/airflow/dags/s3_ingest_dag.py                           1           0  0.46s           2025-01-18T19:33:45                      12
================================================================================
[2025-01-18T19:33:59.572+0000] {manager.py:821} INFO - Searching for files in /opt/airflow/dags
[2025-01-18T19:33:59.579+0000] {manager.py:824} INFO - There are 1 files in /opt/airflow/dags
[2025-01-18T19:34:16.253+0000] {manager.py:997} INFO - 
================================================================================
DAG File Processing Stats

File Path                           PID    Runtime      # DAGs    # Errors  Last Runtime    Last Run               Last # of DB Queries
----------------------------------  -----  ---------  --------  ----------  --------------  -------------------  ----------------------
/opt/airflow/dags/s3_ingest_dag.py                           1           0  0.54s           2025-01-18T19:34:16                      12
================================================================================
[2025-01-18T19:34:46.550+0000] {manager.py:997} INFO - 
================================================================================
DAG File Processing Stats

File Path                             PID  Runtime      # DAGs    # Errors  Last Runtime    Last Run               Last # of DB Queries
----------------------------------  -----  ---------  --------  ----------  --------------  -------------------  ----------------------
/opt/airflow/dags/s3_ingest_dag.py    562  0.01s             1           0  0.54s           2025-01-18T19:34:16                      12
================================================================================
[2025-01-18T19:35:17.241+0000] {manager.py:997} INFO - 
================================================================================
DAG File Processing Stats

File Path                             PID  Runtime      # DAGs    # Errors  Last Runtime    Last Run               Last # of DB Queries
----------------------------------  -----  ---------  --------  ----------  --------------  -------------------  ----------------------
/opt/airflow/dags/s3_ingest_dag.py    568  0.00s             1           0  0.65s           2025-01-18T19:34:47                      12
================================================================================
[2025-01-18T19:35:47.774+0000] {manager.py:997} INFO - 
================================================================================
DAG File Processing Stats

File Path                           PID    Runtime      # DAGs    # Errors  Last Runtime    Last Run               Last # of DB Queries
----------------------------------  -----  ---------  --------  ----------  --------------  -------------------  ----------------------
/opt/airflow/dags/s3_ingest_dag.py                           1           0  0.62s           2025-01-18T19:35:17                      12
================================================================================
[2025-01-18T19:36:17.909+0000] {manager.py:997} INFO - 
================================================================================
DAG File Processing Stats

File Path                           PID    Runtime      # DAGs    # Errors  Last Runtime    Last Run               Last # of DB Queries
----------------------------------  -----  ---------  --------  ----------  --------------  -------------------  ----------------------
/opt/airflow/dags/s3_ingest_dag.py                           1           0  0.48s           2025-01-18T19:35:48                      12
================================================================================
[2025-01-18T19:36:48.224+0000] {manager.py:997} INFO - 
================================================================================
DAG File Processing Stats

File Path                           PID    Runtime      # DAGs    # Errors  Last Runtime    Last Run               Last # of DB Queries
----------------------------------  -----  ---------  --------  ----------  --------------  -------------------  ----------------------
/opt/airflow/dags/s3_ingest_dag.py                           1           0  0.53s           2025-01-18T19:36:19                      12
================================================================================
[2025-01-18T19:37:18.438+0000] {manager.py:997} INFO - 
================================================================================
DAG File Processing Stats

File Path                           PID    Runtime      # DAGs    # Errors  Last Runtime    Last Run               Last # of DB Queries
----------------------------------  -----  ---------  --------  ----------  --------------  -------------------  ----------------------
/opt/airflow/dags/s3_ingest_dag.py                           1           0  0.48s           2025-01-18T19:36:50                      12
================================================================================
[2025-01-18T19:37:48.667+0000] {manager.py:997} INFO - 
================================================================================
DAG File Processing Stats

File Path                           PID    Runtime      # DAGs    # Errors  Last Runtime    Last Run               Last # of DB Queries
----------------------------------  -----  ---------  --------  ----------  --------------  -------------------  ----------------------
/opt/airflow/dags/s3_ingest_dag.py                           1           0  0.46s           2025-01-18T19:37:20                      12
================================================================================
[2025-01-18T19:38:18.913+0000] {manager.py:997} INFO - 
================================================================================
DAG File Processing Stats

File Path                           PID    Runtime      # DAGs    # Errors  Last Runtime    Last Run               Last # of DB Queries
----------------------------------  -----  ---------  --------  ----------  --------------  -------------------  ----------------------
/opt/airflow/dags/s3_ingest_dag.py                           1           0  0.48s           2025-01-18T19:37:51                      12
================================================================================
[2025-01-18T19:38:49.162+0000] {manager.py:997} INFO - 
================================================================================
DAG File Processing Stats

File Path                           PID    Runtime      # DAGs    # Errors  Last Runtime    Last Run               Last # of DB Queries
----------------------------------  -----  ---------  --------  ----------  --------------  -------------------  ----------------------
/opt/airflow/dags/s3_ingest_dag.py                           1           0  0.52s           2025-01-18T19:38:22                      12
================================================================================
[2025-01-18T19:38:54.608+0000] {manager.py:465} INFO - Exiting gracefully upon receiving signal 15
[2025-01-18T21:03:22.642+0000] {manager.py:483} INFO - Processing files using up to 2 processes at a time 
[2025-01-18T21:03:22.645+0000] {manager.py:484} INFO - Process each file at most once every 30 seconds
[2025-01-18T21:03:22.645+0000] {manager.py:485} INFO - Checking for new files in /opt/airflow/dags every 300 seconds
[2025-01-18T21:03:22.646+0000] {manager.py:821} INFO - Searching for files in /opt/airflow/dags
[2025-01-18T21:03:22.662+0000] {manager.py:824} INFO - There are 1 files in /opt/airflow/dags
[2025-01-18T21:03:23.451+0000] {manager.py:997} INFO - 
================================================================================
DAG File Processing Stats

File Path                             PID  Runtime      # DAGs    # Errors  Last Runtime    Last Run      Last # of DB Queries
----------------------------------  -----  ---------  --------  ----------  --------------  ----------  ----------------------
/opt/airflow/dags/s3_ingest_dag.py    166  0.04s             0           0                                                   0
================================================================================
[2025-01-18T21:03:53.571+0000] {manager.py:997} INFO - 
================================================================================
DAG File Processing Stats

File Path                           PID    Runtime      # DAGs    # Errors  Last Runtime    Last Run               Last # of DB Queries
----------------------------------  -----  ---------  --------  ----------  --------------  -------------------  ----------------------
/opt/airflow/dags/s3_ingest_dag.py                           1           0  2.97s           2025-01-18T21:03:26                      45
================================================================================
[2025-01-18T21:04:23.789+0000] {manager.py:997} INFO - 
================================================================================
DAG File Processing Stats

File Path                           PID    Runtime      # DAGs    # Errors  Last Runtime    Last Run               Last # of DB Queries
----------------------------------  -----  ---------  --------  ----------  --------------  -------------------  ----------------------
/opt/airflow/dags/s3_ingest_dag.py                           1           0  0.87s           2025-01-18T21:03:57                      12
================================================================================
[2025-01-18T21:04:53.822+0000] {manager.py:997} INFO - 
================================================================================
DAG File Processing Stats

File Path                           PID    Runtime      # DAGs    # Errors  Last Runtime    Last Run               Last # of DB Queries
----------------------------------  -----  ---------  --------  ----------  --------------  -------------------  ----------------------
/opt/airflow/dags/s3_ingest_dag.py                           1           0  0.82s           2025-01-18T21:04:28                      12
================================================================================
[2025-01-18T21:05:24.539+0000] {manager.py:997} INFO - 
================================================================================
DAG File Processing Stats

File Path                           PID    Runtime      # DAGs    # Errors  Last Runtime    Last Run               Last # of DB Queries
----------------------------------  -----  ---------  --------  ----------  --------------  -------------------  ----------------------
/opt/airflow/dags/s3_ingest_dag.py                           1           0  0.68s           2025-01-18T21:04:59                      12
================================================================================
[2025-01-18T21:05:54.928+0000] {manager.py:997} INFO - 
================================================================================
DAG File Processing Stats

File Path                           PID    Runtime      # DAGs    # Errors  Last Runtime    Last Run               Last # of DB Queries
----------------------------------  -----  ---------  --------  ----------  --------------  -------------------  ----------------------
/opt/airflow/dags/s3_ingest_dag.py                           1           0  0.60s           2025-01-18T21:05:30                      12
================================================================================
[2025-01-18T21:06:25.148+0000] {manager.py:997} INFO - 
================================================================================
DAG File Processing Stats

File Path                           PID    Runtime      # DAGs    # Errors  Last Runtime    Last Run               Last # of DB Queries
----------------------------------  -----  ---------  --------  ----------  --------------  -------------------  ----------------------
/opt/airflow/dags/s3_ingest_dag.py                           1           0  0.83s           2025-01-18T21:06:01                      12
================================================================================
[2025-01-18T21:06:55.486+0000] {manager.py:997} INFO - 
================================================================================
DAG File Processing Stats

File Path                           PID    Runtime      # DAGs    # Errors  Last Runtime    Last Run               Last # of DB Queries
----------------------------------  -----  ---------  --------  ----------  --------------  -------------------  ----------------------
/opt/airflow/dags/s3_ingest_dag.py                           1           0  0.67s           2025-01-18T21:06:32                      12
================================================================================
[2025-01-18T21:07:25.800+0000] {manager.py:997} INFO - 
================================================================================
DAG File Processing Stats

File Path                           PID    Runtime      # DAGs    # Errors  Last Runtime    Last Run               Last # of DB Queries
----------------------------------  -----  ---------  --------  ----------  --------------  -------------------  ----------------------
/opt/airflow/dags/s3_ingest_dag.py                           1           0  0.96s           2025-01-18T21:07:03                      12
================================================================================
[2025-01-18T21:07:56.396+0000] {manager.py:997} INFO - 
================================================================================
DAG File Processing Stats

File Path                           PID    Runtime      # DAGs    # Errors  Last Runtime    Last Run               Last # of DB Queries
----------------------------------  -----  ---------  --------  ----------  --------------  -------------------  ----------------------
/opt/airflow/dags/s3_ingest_dag.py                           1           0  0.56s           2025-01-18T21:07:34                      12
================================================================================
[2025-01-18T21:08:22.948+0000] {manager.py:821} INFO - Searching for files in /opt/airflow/dags
[2025-01-18T21:08:22.958+0000] {manager.py:824} INFO - There are 1 files in /opt/airflow/dags
[2025-01-18T21:08:27.001+0000] {manager.py:997} INFO - 
================================================================================
DAG File Processing Stats

File Path                           PID    Runtime      # DAGs    # Errors  Last Runtime    Last Run               Last # of DB Queries
----------------------------------  -----  ---------  --------  ----------  --------------  -------------------  ----------------------
/opt/airflow/dags/s3_ingest_dag.py                           1           0  0.51s           2025-01-18T21:08:05                      12
================================================================================
[2025-01-18T21:08:29.628+0000] {manager.py:465} INFO - Exiting gracefully upon receiving signal 15
